2025-11-26 20:43:27,384 - INFO - Correction applied: Орфографическая ошибка: 'помоежшь' должно быть 'поможешь'.
2025-11-26 20:50:21,559 - INFO - Correction applied: Приветствие пользователя написано без заглавной буквы и без знаков препинания. Фраза 'чем поможешь' является слишком неформальной для делового общения. Исправлено на более вежливое и корректное приветствие.
2025-11-26 20:55:34,647 - INFO - Correction applied: Обнаружены опечатки в пунктуации и капитализации. Сообщение пользователя изменено с 'ПРИВЕТ ПОМОГИ' на 'Привет, помоги'.
2025-11-26 20:58:52,686 - INFO - Correction applied: Орфографические исправления: 'привет помоги' изменено на 'Здравствуйте, чем могу помочь?'.
2025-11-26 21:01:59,048 - INFO - Correction applied: Орфографических, логических или арифметических ошибок не выявлено.
2025-11-26 21:02:36,058 - INFO - Correction applied: Указанная сумма '100 млн' требует уточнения валюты. Также требуется определить срок кредитования для оценки запроса.
2025-11-26 21:03:48,104 - INFO - Correction applied: Коррекция слота constraints: удалена избыточная запись 'Сумма кредита: 100 млн (валюта не определена).', так как валюта уже определена как тенге. Уточнено целевое назначение кредита как 'комплексное финансирование'.
2025-11-26 21:04:15,621 - INFO - Correction applied: Пользователь неверно определил организационно-правовую форму, указав 'административная'. Также в предоставленных слотах обнаружена некорректная и дублирующаяся запись в constraints: 'Сумма кредита: 100 млн (валюта не определена).', которая была исправлена.
2025-11-26 21:05:13,922 - INFO - Correction applied: В слоте 'constraints' присутствовала дублирующаяся и неточная информация по сумме кредита. Удалили некорректное ограничение и добавили организационно-правовую форму.
2025-11-26 21:05:31,836 - INFO - Correction applied: Понятно, что у вас пока нет готового бизнес-плана. Однако, для оценки кредитоспособности и расчета потенциального срока возврата кредита банку необходимы финансовые прогнозы. Мы добавили требование предоставления бизнес-плана/финансовых прогнозов. Также исправлена дублирующаяся и неполная информация о сумме кредита в ограничениях.
2025-11-26 21:06:06,794 - INFO - Correction applied: Принято, что 5 млн относятся к планируемому ежемесячному доходу в тенге, исходя из предыдущего контекста. В слоте 'constraints' присутствовала дублирующая и неполная информация по сумме кредита, которая была скорректирована.
2025-11-26 21:09:58,959 - INFO - Correction applied: Обнаружены орфографические ошибки: 'привет' -> 'Приветствую', 'помоги' -> 'понимаю', 'я открываю' -> 'вы открываете', 'трц' -> 'ТРЦ'. Логических или арифметических ошибок в сообщении нет.
2025-11-26 21:11:34,725 - INFO - Correction applied: Орфографическая ошибка: отсутствуют знаки препинания и неправильный регистр.
2025-11-26 21:12:48,709 - INFO - Correction applied: Исправлено неформальное обращение и заглавные буквы в начале сообщения.
2025-11-26 21:15:37,988 - INFO - Correction applied: Указание 'на все' слишком общее и требует детализации для финансовой оценки и дальнейшей проработки запроса.
2025-11-26 21:17:47,577 - INFO - Correction applied: Отмечено использование неформального приветствия. Для делового взаимодействия предпочтителен формальный стиль.
2025-11-26 21:22:45,385 - INFO - Correction applied: Предыдущее сообщение не содержит деловой информации и выходит за рамки нашего проекта. Прошу вас сфокусироваться на требованиях, относящихся к открытию бутика.
2025-11-27 15:16:59,875 - INFO - Correction applied: Сообщение не содержит требований. Необходимо направить диалог на сбор информации.
2025-11-27 15:37:34,696 - WARNING - Validation issue: Не заполнен слот 'scope_in'
2025-11-27 15:37:34,696 - WARNING - Validation issue: Не заполнен слот 'scope_out'
2025-11-27 15:37:34,696 - WARNING - Validation issue: Не заполнен слот 'rules'
2025-11-27 15:37:34,696 - WARNING - Validation issue: Не заполнен слот 'kpi'
2025-11-27 15:37:34,696 - WARNING - Validation issue: Не заполнен слот 'priorities'
2025-11-27 15:37:34,696 - WARNING - Validation issue: Не заполнен слот 'use_cases'
2025-11-27 15:37:34,696 - WARNING - Validation issue: Не заполнен слот 'user_stories'
2025-11-27 15:37:34,696 - WARNING - Validation issue: Не заполнен слот 'leading_indicators'
2025-11-27 15:38:43,990 - INFO - Correction [requirement]: 'мы открываем бутик в трц' -> 'Проект, связанный с новой точкой присутствия или обслуживанием клиента в ТРЦ' | Я уточнил формулировку, чтобы отразить потенциальную связь с деятельностью банка, так как 'открытие бутика' не является типовой задачей банка напрямую. Это поможет определить дальнейший контекст задачи.
2025-11-27 15:38:43,990 - WARNING - Validation issue: Необходимо уточнить цель и роль банка в проекте.
2025-11-27 15:38:43,990 - WARNING - Validation issue: Отсутствует конкретное описание проблемы или возможности, которую решает банк.
2025-11-27 15:45:53,207 - INFO - Correction [requirement]: 'открываю бутик в трц' -> 'Задача должна быть связана с внутренними процессами или продуктами банка' | Я специализируюсь на сборе требований для внутренних задач банка, связанных с его деятельностью, процессами или продуктами, а не с внешним бизнесом.
2025-11-27 16:15:15,452 - INFO - Correction [requirement]: 'нужно поднять доход' -> 'Увеличение дохода' | Формализация общей цели проекта.
2025-11-27 16:18:23,842 - INFO - Correction [requirement]: 'поднять доход' -> 'Повышение дохода' | Формализация формулировки цели для большей ясности и стандартизации.
2025-11-27 16:36:55,329 - INFO - Correction [logic]: '"goal": null' -> '"goal": "Восстановление и рост ежемесячного дохода до 15 000 000 тенге в 2024 году и 50 000 000 тенге в 2025 году."' | Цель проекта извлечена из контекста описания задачи и явного указания на 'восстановить'.
2025-11-27 17:14:34,408 - INFO - Correction [logic]: ',l' -> 'неинтерпретируемо' | Введенная строка не содержит смысловой нагрузки и не может быть использована для обновления бизнес-требований или контекста задачи.
2025-11-27 17:14:34,408 - WARNING - Validation issue: Не удалось извлечь информацию из введенного сообщения.
2025-11-27 17:14:34,408 - WARNING - Validation issue: Требуется уточнение для формирования рекомендаций.
